# JRE version: Java(TM) SE Runtime Environment (8.0_65-b17) (build 1.8.0_65-b17)
# Java VM: Java HotSpot(TM) 64-Bit Server VM (25.65-b01 mixed mode bsd-amd64 compressed oops)
Heap:
 PSYoungGen      total 105984K, used 1188K [0x0000000795580000, 0x000000079e180000, 0x00000007c0000000)
  eden space 100864K, 1% used [0x0000000795580000,0x00000007956a91b8,0x000000079b800000)
  from space 5120K, 0% used [0x000000079dc80000,0x000000079dc80000,0x000000079e180000)
  to   space 5120K, 0% used [0x000000079d780000,0x000000079d780000,0x000000079dc80000)
 ParOldGen       total 111616K, used 29103K [0x0000000740000000, 0x0000000746d00000, 0x0000000795580000)
  object space 111616K, 26% used [0x0000000740000000,0x0000000741c6bec8,0x0000000746d00000)
 Metaspace       used 34765K, capacity 35596K, committed 35752K, reserved 1081344K
  class space    used 3897K, capacity 4070K, committed 4096K, reserved 1048576K
GC Heap History (10 events):
Event: 1.348 GC heap before
{Heap before GC invocations=2 (full 0):
 PSYoungGen      total 38400K, used 38369K [0x0000000795580000, 0x000000079a080000, 0x00000007c0000000)
  eden space 33280K, 100% used [0x0000000795580000,0x0000000797600000,0x0000000797600000)
  from space 5120K, 99% used [0x0000000797600000,0x0000000797af8618,0x0000000797b00000)
  to   space 5120K, 0% used [0x0000000799b80000,0x0000000799b80000,0x000000079a080000)
 ParOldGen       total 87552K, used 2970K [0x0000000740000000, 0x0000000745580000, 0x0000000795580000)
  object space 87552K, 3% used [0x0000000740000000,0x00000007402e6918,0x0000000745580000)
 Metaspace       used 20365K, capacity 20778K, committed 21120K, reserved 1067008K
  class space    used 2491K, capacity 2627K, committed 2688K, reserved 1048576K
Event: 1.363 GC heap after
Heap after GC invocations=2 (full 0):
 PSYoungGen      total 71680K, used 5108K [0x0000000795580000, 0x000000079a080000, 0x00000007c0000000)
  eden space 66560K, 0% used [0x0000000795580000,0x0000000795580000,0x0000000799680000)
  from space 5120K, 99% used [0x0000000799b80000,0x000000079a07d0b0,0x000000079a080000)
  to   space 5120K, 0% used [0x0000000799680000,0x0000000799680000,0x0000000799b80000)
 ParOldGen       total 87552K, used 7246K [0x0000000740000000, 0x0000000745580000, 0x0000000795580000)
  object space 87552K, 8% used [0x0000000740000000,0x0000000740713a38,0x0000000745580000)
 Metaspace       used 20365K, capacity 20778K, committed 21120K, reserved 1067008K
  class space    used 2491K, capacity 2627K, committed 2688K, reserved 1048576K
}
Event: 1.491 GC heap before
{Heap before GC invocations=3 (full 0):
 PSYoungGen      total 71680K, used 14027K [0x0000000795580000, 0x000000079a080000, 0x00000007c0000000)
  eden space 66560K, 13% used [0x0000000795580000,0x0000000795e35ba8,0x0000000799680000)
  from space 5120K, 99% used [0x0000000799b80000,0x000000079a07d0b0,0x000000079a080000)
  to   space 5120K, 0% used [0x0000000799680000,0x0000000799680000,0x0000000799b80000)
 ParOldGen       total 87552K, used 7246K [0x0000000740000000, 0x0000000745580000, 0x0000000795580000)
  object space 87552K, 8% used [0x0000000740000000,0x0000000740713a38,0x0000000745580000)
 Metaspace       used 20743K, capacity 21098K, committed 21296K, reserved 1069056K
  class space    used 2524K, capacity 2627K, committed 2688K, reserved 1048576K
Event: 1.499 GC heap after
Heap after GC invocations=3 (full 0):
 PSYoungGen      total 71680K, used 4631K [0x0000000795580000, 0x000000079e180000, 0x00000007c0000000)
  eden space 66560K, 0% used [0x0000000795580000,0x0000000795580000,0x0000000799680000)
  from space 5120K, 90% used [0x0000000799680000,0x0000000799b05da0,0x0000000799b80000)
  to   space 5120K, 0% used [0x000000079dc80000,0x000000079dc80000,0x000000079e180000)
 ParOldGen       total 87552K, used 7254K [0x0000000740000000, 0x0000000745580000, 0x0000000795580000)
  object space 87552K, 8% used [0x0000000740000000,0x0000000740715a38,0x0000000745580000)
 Metaspace       used 20743K, capacity 21098K, committed 21296K, reserved 1069056K
  class space    used 2524K, capacity 2627K, committed 2688K, reserved 1048576K
}
Event: 1.499 GC heap before
{Heap before GC invocations=4 (full 1):
 PSYoungGen      total 71680K, used 4631K [0x0000000795580000, 0x000000079e180000, 0x00000007c0000000)
  eden space 66560K, 0% used [0x0000000795580000,0x0000000795580000,0x0000000799680000)
  from space 5120K, 90% used [0x0000000799680000,0x0000000799b05da0,0x0000000799b80000)
  to   space 5120K, 0% used [0x000000079dc80000,0x000000079dc80000,0x000000079e180000)
 ParOldGen       total 87552K, used 7254K [0x0000000740000000, 0x0000000745580000, 0x0000000795580000)
  object space 87552K, 8% used [0x0000000740000000,0x0000000740715a38,0x0000000745580000)
 Metaspace       used 20743K, capacity 21098K, committed 21296K, reserved 1069056K
  class space    used 2524K, capacity 2627K, committed 2688K, reserved 1048576K
Event: 1.532 GC heap after
Heap after GC invocations=4 (full 1):
 PSYoungGen      total 71680K, used 0K [0x0000000795580000, 0x000000079e180000, 0x00000007c0000000)
  eden space 66560K, 0% used [0x0000000795580000,0x0000000795580000,0x0000000799680000)
  from space 5120K, 0% used [0x0000000799680000,0x0000000799680000,0x0000000799b80000)
  to   space 5120K, 0% used [0x000000079dc80000,0x000000079dc80000,0x000000079e180000)
 ParOldGen       total 58368K, used 4809K [0x0000000740000000, 0x0000000743900000, 0x0000000795580000)
  object space 58368K, 8% used [0x0000000740000000,0x00000007404b26d0,0x0000000743900000)
 Metaspace       used 20743K, capacity 21098K, committed 21296K, reserved 1069056K
  class space    used 2524K, capacity 2627K, committed 2688K, reserved 1048576K
}
Event: 217.431 GC heap before
{Heap before GC invocations=5 (full 1):
 PSYoungGen      total 71680K, used 58894K [0x0000000795580000, 0x000000079e180000, 0x00000007c0000000)
  eden space 66560K, 88% used [0x0000000795580000,0x0000000798f03bf8,0x0000000799680000)
  from space 5120K, 0% used [0x0000000799680000,0x0000000799680000,0x0000000799b80000)
  to   space 5120K, 0% used [0x000000079dc80000,0x000000079dc80000,0x000000079e180000)
 ParOldGen       total 58368K, used 4809K [0x0000000740000000, 0x0000000743900000, 0x0000000795580000)
  object space 58368K, 8% used [0x0000000740000000,0x00000007404b26d0,0x0000000743900000)
 Metaspace       used 34596K, capacity 35372K, committed 35496K, reserved 1081344K
  class space    used 3872K, capacity 4038K, committed 4096K, reserved 1048576K
Event: 217.468 GC heap after
Heap after GC invocations=5 (full 1):
 PSYoungGen      total 105984K, used 5089K [0x0000000795580000, 0x000000079e180000, 0x00000007c0000000)
  eden space 100864K, 0% used [0x0000000795580000,0x0000000795580000,0x000000079b800000)
  from space 5120K, 99% used [0x000000079dc80000,0x000000079e1784d8,0x000000079e180000)
  to   space 5120K, 0% used [0x000000079d780000,0x000000079d780000,0x000000079dc80000)
 ParOldGen       total 58368K, used 24733K [0x0000000740000000, 0x0000000743900000, 0x0000000795580000)
  object space 58368K, 42% used [0x0000000740000000,0x0000000741827478,0x0000000743900000)
 Metaspace       used 34596K, capacity 35372K, committed 35496K, reserved 1081344K
  class space    used 3872K, capacity 4038K, committed 4096K, reserved 1048576K
}
Event: 217.468 GC heap before
{Heap before GC invocations=6 (full 2):
 PSYoungGen      total 105984K, used 5089K [0x0000000795580000, 0x000000079e180000, 0x00000007c0000000)
  eden space 100864K, 0% used [0x0000000795580000,0x0000000795580000,0x000000079b800000)
  from space 5120K, 99% used [0x000000079dc80000,0x000000079e1784d8,0x000000079e180000)
  to   space 5120K, 0% used [0x000000079d780000,0x000000079d780000,0x000000079dc80000)
 ParOldGen       total 58368K, used 24733K [0x0000000740000000, 0x0000000743900000, 0x0000000795580000)
  object space 58368K, 42% used [0x0000000740000000,0x0000000741827478,0x0000000743900000)
 Metaspace       used 34596K, capacity 35372K, committed 35496K, reserved 1081344K
  class space    used 3872K, capacity 4038K, committed 4096K, reserved 1048576K
Event: 217.575 GC heap after
Heap after GC invocations=6 (full 2):
 PSYoungGen      total 105984K, used 0K [0x0000000795580000, 0x000000079e180000, 0x00000007c0000000)
  eden space 100864K, 0% used [0x0000000795580000,0x0000000795580000,0x000000079b800000)
  from space 5120K, 0% used [0x000000079dc80000,0x000000079dc80000,0x000000079e180000)
  to   space 5120K, 0% used [0x000000079d780000,0x000000079d780000,0x000000079dc80000)
 ParOldGen       total 111616K, used 29103K [0x0000000740000000, 0x0000000746d00000, 0x0000000795580000)
  object space 111616K, 26% used [0x0000000740000000,0x0000000741c6bec8,0x0000000746d00000)
 Metaspace       used 34596K, capacity 35372K, committed 35496K, reserved 1081344K
  class space    used 3872K, capacity 4038K, committed 4096K, reserved 1048576K
}

