# JRE version: Java(TM) SE Runtime Environment (8.0_65-b17) (build 1.8.0_65-b17)
# Java VM: Java HotSpot(TM) 64-Bit Server VM (25.65-b01 mixed mode bsd-amd64 compressed oops)
Heap:
 PSYoungGen      total 105472K, used 6279K [0x0000000795580000, 0x000000079e180000, 0x00000007c0000000)
  eden space 100352K, 1% used [0x0000000795580000,0x00000007956a6308,0x000000079b780000)
  from space 5120K, 99% used [0x000000079dc80000,0x000000079e17bb70,0x000000079e180000)
  to   space 5120K, 0% used [0x000000079d780000,0x000000079d780000,0x000000079dc80000)
 ParOldGen       total 59392K, used 25915K [0x0000000740000000, 0x0000000743a00000, 0x0000000795580000)
  object space 59392K, 43% used [0x0000000740000000,0x000000074194ee00,0x0000000743a00000)
 Metaspace       used 34095K, capacity 34952K, committed 35200K, reserved 1081344K
  class space    used 3772K, capacity 3964K, committed 3968K, reserved 1048576K
GC Heap History (10 events):
Event: 0.821 GC heap before
{Heap before GC invocations=1 (full 0):
 PSYoungGen      total 38400K, used 33280K [0x0000000795580000, 0x0000000798000000, 0x00000007c0000000)
  eden space 33280K, 100% used [0x0000000795580000,0x0000000797600000,0x0000000797600000)
  from space 5120K, 0% used [0x0000000797b00000,0x0000000797b00000,0x0000000798000000)
  to   space 5120K, 0% used [0x0000000797600000,0x0000000797600000,0x0000000797b00000)
 ParOldGen       total 87552K, used 0K [0x0000000740000000, 0x0000000745580000, 0x0000000795580000)
  object space 87552K, 0% used [0x0000000740000000,0x0000000740000000,0x0000000745580000)
 Metaspace       used 14194K, capacity 14510K, committed 14592K, reserved 1062912K
  class space    used 1699K, capacity 1787K, committed 1792K, reserved 1048576K
Event: 0.835 GC heap after
Heap after GC invocations=1 (full 0):
 PSYoungGen      total 38400K, used 5092K [0x0000000795580000, 0x000000079a080000, 0x00000007c0000000)
  eden space 33280K, 0% used [0x0000000795580000,0x0000000795580000,0x0000000797600000)
  from space 5120K, 99% used [0x0000000797600000,0x0000000797af9130,0x0000000797b00000)
  to   space 5120K, 0% used [0x0000000799b80000,0x0000000799b80000,0x000000079a080000)
 ParOldGen       total 87552K, used 2954K [0x0000000740000000, 0x0000000745580000, 0x0000000795580000)
  object space 87552K, 3% used [0x0000000740000000,0x00000007402e2820,0x0000000745580000)
 Metaspace       used 14194K, capacity 14510K, committed 14592K, reserved 1062912K
  class space    used 1699K, capacity 1787K, committed 1792K, reserved 1048576K
}
Event: 1.878 GC heap before
{Heap before GC invocations=2 (full 0):
 PSYoungGen      total 38400K, used 38372K [0x0000000795580000, 0x000000079a080000, 0x00000007c0000000)
  eden space 33280K, 100% used [0x0000000795580000,0x0000000797600000,0x0000000797600000)
  from space 5120K, 99% used [0x0000000797600000,0x0000000797af9130,0x0000000797b00000)
  to   space 5120K, 0% used [0x0000000799b80000,0x0000000799b80000,0x000000079a080000)
 ParOldGen       total 87552K, used 2954K [0x0000000740000000, 0x0000000745580000, 0x0000000795580000)
  object space 87552K, 3% used [0x0000000740000000,0x00000007402e2820,0x0000000745580000)
 Metaspace       used 20416K, capacity 20810K, committed 21120K, reserved 1067008K
  class space    used 2481K, capacity 2597K, committed 2688K, reserved 1048576K
Event: 1.894 GC heap after
Heap after GC invocations=2 (full 0):
 PSYoungGen      total 71680K, used 5092K [0x0000000795580000, 0x000000079a080000, 0x00000007c0000000)
  eden space 66560K, 0% used [0x0000000795580000,0x0000000795580000,0x0000000799680000)
  from space 5120K, 99% used [0x0000000799b80000,0x000000079a0792c0,0x000000079a080000)
  to   space 5120K, 0% used [0x0000000799680000,0x0000000799680000,0x0000000799b80000)
 ParOldGen       total 87552K, used 7878K [0x0000000740000000, 0x0000000745580000, 0x0000000795580000)
  object space 87552K, 8% used [0x0000000740000000,0x00000007407b1898,0x0000000745580000)
 Metaspace       used 20416K, capacity 20810K, committed 21120K, reserved 1067008K
  class space    used 2481K, capacity 2597K, committed 2688K, reserved 1048576K
}
Event: 2.053 GC heap before
{Heap before GC invocations=3 (full 0):
 PSYoungGen      total 71680K, used 14073K [0x0000000795580000, 0x000000079a080000, 0x00000007c0000000)
  eden space 66560K, 13% used [0x0000000795580000,0x0000000795e45410,0x0000000799680000)
  from space 5120K, 99% used [0x0000000799b80000,0x000000079a0792c0,0x000000079a080000)
  to   space 5120K, 0% used [0x0000000799680000,0x0000000799680000,0x0000000799b80000)
 ParOldGen       total 87552K, used 7878K [0x0000000740000000, 0x0000000745580000, 0x0000000795580000)
  object space 87552K, 8% used [0x0000000740000000,0x00000007407b1898,0x0000000745580000)
 Metaspace       used 20764K, capacity 21098K, committed 21296K, reserved 1069056K
  class space    used 2513K, capacity 2629K, committed 2688K, reserved 1048576K
Event: 2.061 GC heap after
Heap after GC invocations=3 (full 0):
 PSYoungGen      total 71680K, used 5109K [0x0000000795580000, 0x000000079e180000, 0x00000007c0000000)
  eden space 66560K, 0% used [0x0000000795580000,0x0000000795580000,0x0000000799680000)
  from space 5120K, 99% used [0x0000000799680000,0x0000000799b7d5e8,0x0000000799b80000)
  to   space 5120K, 0% used [0x000000079dc80000,0x000000079dc80000,0x000000079e180000)
 ParOldGen       total 87552K, used 8228K [0x0000000740000000, 0x0000000745580000, 0x0000000795580000)
  object space 87552K, 9% used [0x0000000740000000,0x0000000740809198,0x0000000745580000)
 Metaspace       used 20764K, capacity 21098K, committed 21296K, reserved 1069056K
  class space    used 2513K, capacity 2629K, committed 2688K, reserved 1048576K
}
Event: 2.061 GC heap before
{Heap before GC invocations=4 (full 1):
 PSYoungGen      total 71680K, used 5109K [0x0000000795580000, 0x000000079e180000, 0x00000007c0000000)
  eden space 66560K, 0% used [0x0000000795580000,0x0000000795580000,0x0000000799680000)
  from space 5120K, 99% used [0x0000000799680000,0x0000000799b7d5e8,0x0000000799b80000)
  to   space 5120K, 0% used [0x000000079dc80000,0x000000079dc80000,0x000000079e180000)
 ParOldGen       total 87552K, used 8228K [0x0000000740000000, 0x0000000745580000, 0x0000000795580000)
  object space 87552K, 9% used [0x0000000740000000,0x0000000740809198,0x0000000745580000)
 Metaspace       used 20764K, capacity 21098K, committed 21296K, reserved 1069056K
  class space    used 2513K, capacity 2629K, committed 2688K, reserved 1048576K
Event: 2.101 GC heap after
Heap after GC invocations=4 (full 1):
 PSYoungGen      total 71680K, used 0K [0x0000000795580000, 0x000000079e180000, 0x00000007c0000000)
  eden space 66560K, 0% used [0x0000000795580000,0x0000000795580000,0x0000000799680000)
  from space 5120K, 0% used [0x0000000799680000,0x0000000799680000,0x0000000799b80000)
  to   space 5120K, 0% used [0x000000079dc80000,0x000000079dc80000,0x000000079e180000)
 ParOldGen       total 59392K, used 5338K [0x0000000740000000, 0x0000000743a00000, 0x0000000795580000)
  object space 59392K, 8% used [0x0000000740000000,0x0000000740536a38,0x0000000743a00000)
 Metaspace       used 20764K, capacity 21098K, committed 21296K, reserved 1069056K
  class space    used 2513K, capacity 2629K, committed 2688K, reserved 1048576K
}
Event: 1045.663 GC heap before
{Heap before GC invocations=5 (full 1):
 PSYoungGen      total 71680K, used 66560K [0x0000000795580000, 0x000000079e180000, 0x00000007c0000000)
  eden space 66560K, 100% used [0x0000000795580000,0x0000000799680000,0x0000000799680000)
  from space 5120K, 0% used [0x0000000799680000,0x0000000799680000,0x0000000799b80000)
  to   space 5120K, 0% used [0x000000079dc80000,0x000000079dc80000,0x000000079e180000)
 ParOldGen       total 59392K, used 5338K [0x0000000740000000, 0x0000000743a00000, 0x0000000795580000)
  object space 59392K, 8% used [0x0000000740000000,0x0000000740536a38,0x0000000743a00000)
 Metaspace       used 34093K, capacity 34952K, committed 35200K, reserved 1081344K
  class space    used 3772K, capacity 3964K, committed 3968K, reserved 1048576K
Event: 1045.772 GC heap after
Heap after GC invocations=5 (full 1):
 PSYoungGen      total 105472K, used 5102K [0x0000000795580000, 0x000000079e180000, 0x00000007c0000000)
  eden space 100352K, 0% used [0x0000000795580000,0x0000000795580000,0x000000079b780000)
  from space 5120K, 99% used [0x000000079dc80000,0x000000079e17bb70,0x000000079e180000)
  to   space 5120K, 0% used [0x000000079d780000,0x000000079d780000,0x000000079dc80000)
 ParOldGen       total 59392K, used 25915K [0x0000000740000000, 0x0000000743a00000, 0x0000000795580000)
  object space 59392K, 43% used [0x0000000740000000,0x000000074194ee00,0x0000000743a00000)
 Metaspace       used 34093K, capacity 34952K, committed 35200K, reserved 1081344K
  class space    used 3772K, capacity 3964K, committed 3968K, reserved 1048576K
}

