# JRE version: Java(TM) SE Runtime Environment (8.0_65-b17) (build 1.8.0_65-b17)
# Java VM: Java HotSpot(TM) 64-Bit Server VM (25.65-b01 mixed mode bsd-amd64 compressed oops)
Heap:
 PSYoungGen      total 138240K, used 17025K [0x0000000795580000, 0x00000007a2e80000, 0x00000007c0000000)
  eden space 133120K, 9% used [0x0000000795580000,0x00000007962234c0,0x000000079d780000)
  from space 5120K, 79% used [0x000000079d780000,0x000000079db7d220,0x000000079dc80000)
  to   space 26112K, 0% used [0x00000007a1500000,0x00000007a1500000,0x00000007a2e80000)
 ParOldGen       total 112640K, used 31674K [0x0000000740000000, 0x0000000746e00000, 0x0000000795580000)
  object space 112640K, 28% used [0x0000000740000000,0x0000000741eeeaa8,0x0000000746e00000)
 Metaspace       used 36097K, capacity 37160K, committed 37376K, reserved 1083392K
  class space    used 3897K, capacity 4096K, committed 4096K, reserved 1048576K
GC Heap History (10 events):
Event: 1.472 GC heap before
{Heap before GC invocations=3 (full 0):
 PSYoungGen      total 71680K, used 16140K [0x0000000795580000, 0x000000079a080000, 0x00000007c0000000)
  eden space 66560K, 16% used [0x0000000795580000,0x0000000796046df8,0x0000000799680000)
  from space 5120K, 99% used [0x0000000799b80000,0x000000079a07c470,0x000000079a080000)
  to   space 5120K, 0% used [0x0000000799680000,0x0000000799680000,0x0000000799b80000)
 ParOldGen       total 87552K, used 9470K [0x0000000740000000, 0x0000000745580000, 0x0000000795580000)
  object space 87552K, 10% used [0x0000000740000000,0x000000074093f8c0,0x0000000745580000)
 Metaspace       used 20832K, capacity 21178K, committed 21296K, reserved 1069056K
  class space    used 2514K, capacity 2635K, committed 2688K, reserved 1048576K
Event: 1.477 GC heap after
Heap after GC invocations=3 (full 0):
 PSYoungGen      total 71680K, used 4484K [0x0000000795580000, 0x000000079e180000, 0x00000007c0000000)
  eden space 66560K, 0% used [0x0000000795580000,0x0000000795580000,0x0000000799680000)
  from space 5120K, 87% used [0x0000000799680000,0x0000000799ae12a0,0x0000000799b80000)
  to   space 5120K, 0% used [0x000000079dc80000,0x000000079dc80000,0x000000079e180000)
 ParOldGen       total 87552K, used 9478K [0x0000000740000000, 0x0000000745580000, 0x0000000795580000)
  object space 87552K, 10% used [0x0000000740000000,0x00000007409418c0,0x0000000745580000)
 Metaspace       used 20832K, capacity 21178K, committed 21296K, reserved 1069056K
  class space    used 2514K, capacity 2635K, committed 2688K, reserved 1048576K
}
Event: 1.477 GC heap before
{Heap before GC invocations=4 (full 1):
 PSYoungGen      total 71680K, used 4484K [0x0000000795580000, 0x000000079e180000, 0x00000007c0000000)
  eden space 66560K, 0% used [0x0000000795580000,0x0000000795580000,0x0000000799680000)
  from space 5120K, 87% used [0x0000000799680000,0x0000000799ae12a0,0x0000000799b80000)
  to   space 5120K, 0% used [0x000000079dc80000,0x000000079dc80000,0x000000079e180000)
 ParOldGen       total 87552K, used 9478K [0x0000000740000000, 0x0000000745580000, 0x0000000795580000)
  object space 87552K, 10% used [0x0000000740000000,0x00000007409418c0,0x0000000745580000)
 Metaspace       used 20832K, capacity 21178K, committed 21296K, reserved 1069056K
  class space    used 2514K, capacity 2635K, committed 2688K, reserved 1048576K
Event: 1.504 GC heap after
Heap after GC invocations=4 (full 1):
 PSYoungGen      total 71680K, used 0K [0x0000000795580000, 0x000000079e180000, 0x00000007c0000000)
  eden space 66560K, 0% used [0x0000000795580000,0x0000000795580000,0x0000000799680000)
  from space 5120K, 0% used [0x0000000799680000,0x0000000799680000,0x0000000799b80000)
  to   space 5120K, 0% used [0x000000079dc80000,0x000000079dc80000,0x000000079e180000)
 ParOldGen       total 61440K, used 6783K [0x0000000740000000, 0x0000000743c00000, 0x0000000795580000)
  object space 61440K, 11% used [0x0000000740000000,0x000000074069fc08,0x0000000743c00000)
 Metaspace       used 20832K, capacity 21178K, committed 21296K, reserved 1069056K
  class space    used 2514K, capacity 2635K, committed 2688K, reserved 1048576K
}
Event: 230.248 GC heap before
{Heap before GC invocations=5 (full 1):
 PSYoungGen      total 71680K, used 59052K [0x0000000795580000, 0x000000079e180000, 0x00000007c0000000)
  eden space 66560K, 88% used [0x0000000795580000,0x0000000798f2b080,0x0000000799680000)
  from space 5120K, 0% used [0x0000000799680000,0x0000000799680000,0x0000000799b80000)
  to   space 5120K, 0% used [0x000000079dc80000,0x000000079dc80000,0x000000079e180000)
 ParOldGen       total 61440K, used 6783K [0x0000000740000000, 0x0000000743c00000, 0x0000000795580000)
  object space 61440K, 11% used [0x0000000740000000,0x000000074069fc08,0x0000000743c00000)
 Metaspace       used 34529K, capacity 35396K, committed 35496K, reserved 1081344K
  class space    used 3831K, capacity 4004K, committed 4096K, reserved 1048576K
Event: 230.268 GC heap after
Heap after GC invocations=5 (full 1):
 PSYoungGen      total 108544K, used 5098K [0x0000000795580000, 0x000000079e180000, 0x00000007c0000000)
  eden space 103424K, 0% used [0x0000000795580000,0x0000000795580000,0x000000079ba80000)
  from space 5120K, 99% used [0x000000079dc80000,0x000000079e17aac0,0x000000079e180000)
  to   space 5120K, 0% used [0x000000079d780000,0x000000079d780000,0x000000079dc80000)
 ParOldGen       total 61440K, used 27081K [0x0000000740000000, 0x0000000743c00000, 0x0000000795580000)
  object space 61440K, 44% used [0x0000000740000000,0x0000000741a724c0,0x0000000743c00000)
 Metaspace       used 34529K, capacity 35396K, committed 35496K, reserved 1081344K
  class space    used 3831K, capacity 4004K, committed 4096K, reserved 1048576K
}
Event: 230.268 GC heap before
{Heap before GC invocations=6 (full 2):
 PSYoungGen      total 108544K, used 5098K [0x0000000795580000, 0x000000079e180000, 0x00000007c0000000)
  eden space 103424K, 0% used [0x0000000795580000,0x0000000795580000,0x000000079ba80000)
  from space 5120K, 99% used [0x000000079dc80000,0x000000079e17aac0,0x000000079e180000)
  to   space 5120K, 0% used [0x000000079d780000,0x000000079d780000,0x000000079dc80000)
 ParOldGen       total 61440K, used 27081K [0x0000000740000000, 0x0000000743c00000, 0x0000000795580000)
  object space 61440K, 44% used [0x0000000740000000,0x0000000741a724c0,0x0000000743c00000)
 Metaspace       used 34529K, capacity 35396K, committed 35496K, reserved 1081344K
  class space    used 3831K, capacity 4004K, committed 4096K, reserved 1048576K
Event: 230.325 GC heap after
Heap after GC invocations=6 (full 2):
 PSYoungGen      total 108544K, used 0K [0x0000000795580000, 0x000000079e180000, 0x00000007c0000000)
  eden space 103424K, 0% used [0x0000000795580000,0x0000000795580000,0x000000079ba80000)
  from space 5120K, 0% used [0x000000079dc80000,0x000000079dc80000,0x000000079e180000)
  to   space 5120K, 0% used [0x000000079d780000,0x000000079d780000,0x000000079dc80000)
 ParOldGen       total 112640K, used 31666K [0x0000000740000000, 0x0000000746e00000, 0x0000000795580000)
  object space 112640K, 28% used [0x0000000740000000,0x0000000741eecaa8,0x0000000746e00000)
 Metaspace       used 34529K, capacity 35396K, committed 35496K, reserved 1081344K
  class space    used 3831K, capacity 4004K, committed 4096K, reserved 1048576K
}
Event: 4981.542 GC heap before
{Heap before GC invocations=7 (full 2):
 PSYoungGen      total 108544K, used 103424K [0x0000000795580000, 0x000000079e180000, 0x00000007c0000000)
  eden space 103424K, 100% used [0x0000000795580000,0x000000079ba80000,0x000000079ba80000)
  from space 5120K, 0% used [0x000000079dc80000,0x000000079dc80000,0x000000079e180000)
  to   space 5120K, 0% used [0x000000079d780000,0x000000079d780000,0x000000079dc80000)
 ParOldGen       total 112640K, used 31666K [0x0000000740000000, 0x0000000746e00000, 0x0000000795580000)
  object space 112640K, 28% used [0x0000000740000000,0x0000000741eecaa8,0x0000000746e00000)
 Metaspace       used 36084K, capacity 37160K, committed 37376K, reserved 1083392K
  class space    used 3896K, capacity 4096K, committed 4096K, reserved 1048576K
Event: 4981.558 GC heap after
Heap after GC invocations=7 (full 2):
 PSYoungGen      total 138240K, used 4084K [0x0000000795580000, 0x00000007a2e80000, 0x00000007c0000000)
  eden space 133120K, 0% used [0x0000000795580000,0x0000000795580000,0x000000079d780000)
  from space 5120K, 79% used [0x000000079d780000,0x000000079db7d220,0x000000079dc80000)
  to   space 26112K, 0% used [0x00000007a1500000,0x00000007a1500000,0x00000007a2e80000)
 ParOldGen       total 112640K, used 31674K [0x0000000740000000, 0x0000000746e00000, 0x0000000795580000)
  object space 112640K, 28% used [0x0000000740000000,0x0000000741eeeaa8,0x0000000746e00000)
 Metaspace       used 36084K, capacity 37160K, committed 37376K, reserved 1083392K
  class space    used 3896K, capacity 4096K, committed 4096K, reserved 1048576K
}

