# JRE version: Java(TM) SE Runtime Environment (8.0_65-b17) (build 1.8.0_65-b17)
# Java VM: Java HotSpot(TM) 64-Bit Server VM (25.65-b01 mixed mode bsd-amd64 compressed oops)
Heap:
 PSYoungGen      total 108544K, used 6733K [0x0000000795580000, 0x000000079e180000, 0x00000007c0000000)
  eden space 103424K, 1% used [0x0000000795580000,0x000000079571af58,0x000000079ba80000)
  from space 5120K, 99% used [0x000000079dc80000,0x000000079e1786f0,0x000000079e180000)
  to   space 5120K, 0% used [0x000000079d780000,0x000000079d780000,0x000000079dc80000)
 ParOldGen       total 57344K, used 25675K [0x0000000740000000, 0x0000000743800000, 0x0000000795580000)
  object space 57344K, 44% used [0x0000000740000000,0x0000000741912ea0,0x0000000743800000)
 Metaspace       used 34465K, capacity 35390K, committed 35496K, reserved 1081344K
  class space    used 3809K, capacity 3995K, committed 4096K, reserved 1048576K
GC Heap History (10 events):
Event: 0.838 GC heap before
{Heap before GC invocations=1 (full 0):
 PSYoungGen      total 38400K, used 33280K [0x0000000795580000, 0x0000000798000000, 0x00000007c0000000)
  eden space 33280K, 100% used [0x0000000795580000,0x0000000797600000,0x0000000797600000)
  from space 5120K, 0% used [0x0000000797b00000,0x0000000797b00000,0x0000000798000000)
  to   space 5120K, 0% used [0x0000000797600000,0x0000000797600000,0x0000000797b00000)
 ParOldGen       total 87552K, used 0K [0x0000000740000000, 0x0000000745580000, 0x0000000795580000)
  object space 87552K, 0% used [0x0000000740000000,0x0000000740000000,0x0000000745580000)
 Metaspace       used 14176K, capacity 14446K, committed 14592K, reserved 1062912K
  class space    used 1702K, capacity 1787K, committed 1792K, reserved 1048576K
Event: 0.851 GC heap after
Heap after GC invocations=1 (full 0):
 PSYoungGen      total 38400K, used 5098K [0x0000000795580000, 0x000000079a080000, 0x00000007c0000000)
  eden space 33280K, 0% used [0x0000000795580000,0x0000000795580000,0x0000000797600000)
  from space 5120K, 99% used [0x0000000797600000,0x0000000797afab88,0x0000000797b00000)
  to   space 5120K, 0% used [0x0000000799b80000,0x0000000799b80000,0x000000079a080000)
 ParOldGen       total 87552K, used 2940K [0x0000000740000000, 0x0000000745580000, 0x0000000795580000)
  object space 87552K, 3% used [0x0000000740000000,0x00000007402df008,0x0000000745580000)
 Metaspace       used 14176K, capacity 14446K, committed 14592K, reserved 1062912K
  class space    used 1702K, capacity 1787K, committed 1792K, reserved 1048576K
}
Event: 1.507 GC heap before
{Heap before GC invocations=2 (full 0):
 PSYoungGen      total 38400K, used 38378K [0x0000000795580000, 0x000000079a080000, 0x00000007c0000000)
  eden space 33280K, 100% used [0x0000000795580000,0x0000000797600000,0x0000000797600000)
  from space 5120K, 99% used [0x0000000797600000,0x0000000797afab88,0x0000000797b00000)
  to   space 5120K, 0% used [0x0000000799b80000,0x0000000799b80000,0x000000079a080000)
 ParOldGen       total 87552K, used 2940K [0x0000000740000000, 0x0000000745580000, 0x0000000795580000)
  object space 87552K, 3% used [0x0000000740000000,0x00000007402df008,0x0000000745580000)
 Metaspace       used 20289K, capacity 20678K, committed 20864K, reserved 1067008K
  class space    used 2482K, capacity 2595K, committed 2688K, reserved 1048576K
Event: 1.519 GC heap after
Heap after GC invocations=2 (full 0):
 PSYoungGen      total 71680K, used 5108K [0x0000000795580000, 0x000000079a080000, 0x00000007c0000000)
  eden space 66560K, 0% used [0x0000000795580000,0x0000000795580000,0x0000000799680000)
  from space 5120K, 99% used [0x0000000799b80000,0x000000079a07d190,0x000000079a080000)
  to   space 5120K, 0% used [0x0000000799680000,0x0000000799680000,0x0000000799b80000)
 ParOldGen       total 87552K, used 7489K [0x0000000740000000, 0x0000000745580000, 0x0000000795580000)
  object space 87552K, 8% used [0x0000000740000000,0x00000007407504d0,0x0000000745580000)
 Metaspace       used 20289K, capacity 20678K, committed 20864K, reserved 1067008K
  class space    used 2482K, capacity 2595K, committed 2688K, reserved 1048576K
}
Event: 1.661 GC heap before
{Heap before GC invocations=3 (full 0):
 PSYoungGen      total 71680K, used 14076K [0x0000000795580000, 0x000000079a080000, 0x00000007c0000000)
  eden space 66560K, 13% used [0x0000000795580000,0x0000000795e421d0,0x0000000799680000)
  from space 5120K, 99% used [0x0000000799b80000,0x000000079a07d190,0x000000079a080000)
  to   space 5120K, 0% used [0x0000000799680000,0x0000000799680000,0x0000000799b80000)
 ParOldGen       total 87552K, used 7489K [0x0000000740000000, 0x0000000745580000, 0x0000000795580000)
  object space 87552K, 8% used [0x0000000740000000,0x00000007407504d0,0x0000000745580000)
 Metaspace       used 20751K, capacity 21094K, committed 21296K, reserved 1069056K
  class space    used 2523K, capacity 2627K, committed 2688K, reserved 1048576K
Event: 1.671 GC heap after
Heap after GC invocations=3 (full 0):
 PSYoungGen      total 71680K, used 4645K [0x0000000795580000, 0x000000079e180000, 0x00000007c0000000)
  eden space 66560K, 0% used [0x0000000795580000,0x0000000795580000,0x0000000799680000)
  from space 5120K, 90% used [0x0000000799680000,0x0000000799b094d8,0x0000000799b80000)
  to   space 5120K, 0% used [0x000000079dc80000,0x000000079dc80000,0x000000079e180000)
 ParOldGen       total 87552K, used 7497K [0x0000000740000000, 0x0000000745580000, 0x0000000795580000)
  object space 87552K, 8% used [0x0000000740000000,0x00000007407524d0,0x0000000745580000)
 Metaspace       used 20751K, capacity 21094K, committed 21296K, reserved 1069056K
  class space    used 2523K, capacity 2627K, committed 2688K, reserved 1048576K
}
Event: 1.671 GC heap before
{Heap before GC invocations=4 (full 1):
 PSYoungGen      total 71680K, used 4645K [0x0000000795580000, 0x000000079e180000, 0x00000007c0000000)
  eden space 66560K, 0% used [0x0000000795580000,0x0000000795580000,0x0000000799680000)
  from space 5120K, 90% used [0x0000000799680000,0x0000000799b094d8,0x0000000799b80000)
  to   space 5120K, 0% used [0x000000079dc80000,0x000000079dc80000,0x000000079e180000)
 ParOldGen       total 87552K, used 7497K [0x0000000740000000, 0x0000000745580000, 0x0000000795580000)
  object space 87552K, 8% used [0x0000000740000000,0x00000007407524d0,0x0000000745580000)
 Metaspace       used 20751K, capacity 21094K, committed 21296K, reserved 1069056K
  class space    used 2523K, capacity 2627K, committed 2688K, reserved 1048576K
Event: 1.703 GC heap after
Heap after GC invocations=4 (full 1):
 PSYoungGen      total 71680K, used 0K [0x0000000795580000, 0x000000079e180000, 0x00000007c0000000)
  eden space 66560K, 0% used [0x0000000795580000,0x0000000795580000,0x0000000799680000)
  from space 5120K, 0% used [0x0000000799680000,0x0000000799680000,0x0000000799b80000)
  to   space 5120K, 0% used [0x000000079dc80000,0x000000079dc80000,0x000000079e180000)
 ParOldGen       total 57344K, used 5079K [0x0000000740000000, 0x0000000743800000, 0x0000000795580000)
  object space 57344K, 8% used [0x0000000740000000,0x00000007404f5d60,0x0000000743800000)
 Metaspace       used 20751K, capacity 21094K, committed 21296K, reserved 1069056K
  class space    used 2523K, capacity 2627K, committed 2688K, reserved 1048576K
}
Event: 992.032 GC heap before
{Heap before GC invocations=5 (full 1):
 PSYoungGen      total 71680K, used 66560K [0x0000000795580000, 0x000000079e180000, 0x00000007c0000000)
  eden space 66560K, 100% used [0x0000000795580000,0x0000000799680000,0x0000000799680000)
  from space 5120K, 0% used [0x0000000799680000,0x0000000799680000,0x0000000799b80000)
  to   space 5120K, 0% used [0x000000079dc80000,0x000000079dc80000,0x000000079e180000)
 ParOldGen       total 57344K, used 5079K [0x0000000740000000, 0x0000000743800000, 0x0000000795580000)
  object space 57344K, 8% used [0x0000000740000000,0x00000007404f5d60,0x0000000743800000)
 Metaspace       used 34462K, capacity 35390K, committed 35496K, reserved 1081344K
  class space    used 3809K, capacity 3995K, committed 4096K, reserved 1048576K
Event: 992.244 GC heap after
Heap after GC invocations=5 (full 1):
 PSYoungGen      total 108544K, used 5089K [0x0000000795580000, 0x000000079e180000, 0x00000007c0000000)
  eden space 103424K, 0% used [0x0000000795580000,0x0000000795580000,0x000000079ba80000)
  from space 5120K, 99% used [0x000000079dc80000,0x000000079e1786f0,0x000000079e180000)
  to   space 5120K, 0% used [0x000000079d780000,0x000000079d780000,0x000000079dc80000)
 ParOldGen       total 57344K, used 25675K [0x0000000740000000, 0x0000000743800000, 0x0000000795580000)
  object space 57344K, 44% used [0x0000000740000000,0x0000000741912ea0,0x0000000743800000)
 Metaspace       used 34462K, capacity 35390K, committed 35496K, reserved 1081344K
  class space    used 3809K, capacity 3995K, committed 4096K, reserved 1048576K
}

