# JRE version: Java(TM) SE Runtime Environment (8.0_65-b17) (build 1.8.0_65-b17)
# Java VM: Java HotSpot(TM) 64-Bit Server VM (25.65-b01 mixed mode bsd-amd64 compressed oops)
Heap:
 PSYoungGen      total 71680K, used 56811K [0x0000000795580000, 0x000000079e180000, 0x00000007c0000000)
  eden space 66560K, 85% used [0x0000000795580000,0x0000000798cfad68,0x0000000799680000)
  from space 5120K, 0% used [0x0000000799680000,0x0000000799680000,0x0000000799b80000)
  to   space 5120K, 0% used [0x000000079dc80000,0x000000079dc80000,0x000000079e180000)
 ParOldGen       total 62464K, used 5926K [0x0000000740000000, 0x0000000743d00000, 0x0000000795580000)
  object space 62464K, 9% used [0x0000000740000000,0x00000007405c9a58,0x0000000743d00000)
 Metaspace       used 33700K, capacity 34438K, committed 34688K, reserved 1079296K
  class space    used 3748K, capacity 3933K, committed 3968K, reserved 1048576K
GC Heap History (8 events):
Event: 0.675 GC heap before
{Heap before GC invocations=1 (full 0):
 PSYoungGen      total 38400K, used 33280K [0x0000000795580000, 0x0000000798000000, 0x00000007c0000000)
  eden space 33280K, 100% used [0x0000000795580000,0x0000000797600000,0x0000000797600000)
  from space 5120K, 0% used [0x0000000797b00000,0x0000000797b00000,0x0000000798000000)
  to   space 5120K, 0% used [0x0000000797600000,0x0000000797600000,0x0000000797b00000)
 ParOldGen       total 87552K, used 0K [0x0000000740000000, 0x0000000745580000, 0x0000000795580000)
  object space 87552K, 0% used [0x0000000740000000,0x0000000740000000,0x0000000745580000)
 Metaspace       used 14164K, capacity 14446K, committed 14592K, reserved 1062912K
  class space    used 1698K, capacity 1787K, committed 1792K, reserved 1048576K
Event: 0.690 GC heap after
Heap after GC invocations=1 (full 0):
 PSYoungGen      total 38400K, used 5101K [0x0000000795580000, 0x000000079a080000, 0x00000007c0000000)
  eden space 33280K, 0% used [0x0000000795580000,0x0000000795580000,0x0000000797600000)
  from space 5120K, 99% used [0x0000000797600000,0x0000000797afb790,0x0000000797b00000)
  to   space 5120K, 0% used [0x0000000799b80000,0x0000000799b80000,0x000000079a080000)
 ParOldGen       total 87552K, used 2922K [0x0000000740000000, 0x0000000745580000, 0x0000000795580000)
  object space 87552K, 3% used [0x0000000740000000,0x00000007402daaa8,0x0000000745580000)
 Metaspace       used 14164K, capacity 14446K, committed 14592K, reserved 1062912K
  class space    used 1698K, capacity 1787K, committed 1792K, reserved 1048576K
}
Event: 1.333 GC heap before
{Heap before GC invocations=2 (full 0):
 PSYoungGen      total 38400K, used 38381K [0x0000000795580000, 0x000000079a080000, 0x00000007c0000000)
  eden space 33280K, 100% used [0x0000000795580000,0x0000000797600000,0x0000000797600000)
  from space 5120K, 99% used [0x0000000797600000,0x0000000797afb790,0x0000000797b00000)
  to   space 5120K, 0% used [0x0000000799b80000,0x0000000799b80000,0x000000079a080000)
 ParOldGen       total 87552K, used 2922K [0x0000000740000000, 0x0000000745580000, 0x0000000795580000)
  object space 87552K, 3% used [0x0000000740000000,0x00000007402daaa8,0x0000000745580000)
 Metaspace       used 20402K, capacity 20850K, committed 21120K, reserved 1067008K
  class space    used 2489K, capacity 2631K, committed 2688K, reserved 1048576K
Event: 1.347 GC heap after
Heap after GC invocations=2 (full 0):
 PSYoungGen      total 71680K, used 5108K [0x0000000795580000, 0x000000079a080000, 0x00000007c0000000)
  eden space 66560K, 0% used [0x0000000795580000,0x0000000795580000,0x0000000799680000)
  from space 5120K, 99% used [0x0000000799b80000,0x000000079a07d3f0,0x000000079a080000)
  to   space 5120K, 0% used [0x0000000799680000,0x0000000799680000,0x0000000799b80000)
 ParOldGen       total 87552K, used 8439K [0x0000000740000000, 0x0000000745580000, 0x0000000795580000)
  object space 87552K, 9% used [0x0000000740000000,0x000000074083dfb8,0x0000000745580000)
 Metaspace       used 20402K, capacity 20850K, committed 21120K, reserved 1067008K
  class space    used 2489K, capacity 2631K, committed 2688K, reserved 1048576K
}
Event: 1.517 GC heap before
{Heap before GC invocations=3 (full 0):
 PSYoungGen      total 71680K, used 15279K [0x0000000795580000, 0x000000079a080000, 0x00000007c0000000)
  eden space 66560K, 15% used [0x0000000795580000,0x0000000795f6eb68,0x0000000799680000)
  from space 5120K, 99% used [0x0000000799b80000,0x000000079a07d3f0,0x000000079a080000)
  to   space 5120K, 0% used [0x0000000799680000,0x0000000799680000,0x0000000799b80000)
 ParOldGen       total 87552K, used 8439K [0x0000000740000000, 0x0000000745580000, 0x0000000795580000)
  object space 87552K, 9% used [0x0000000740000000,0x000000074083dfb8,0x0000000745580000)
 Metaspace       used 20745K, capacity 21106K, committed 21296K, reserved 1069056K
  class space    used 2518K, capacity 2631K, committed 2688K, reserved 1048576K
Event: 1.524 GC heap after
Heap after GC invocations=3 (full 0):
 PSYoungGen      total 71680K, used 4629K [0x0000000795580000, 0x000000079e180000, 0x00000007c0000000)
  eden space 66560K, 0% used [0x0000000795580000,0x0000000795580000,0x0000000799680000)
  from space 5120K, 90% used [0x0000000799680000,0x0000000799b05410,0x0000000799b80000)
  to   space 5120K, 0% used [0x000000079dc80000,0x000000079dc80000,0x000000079e180000)
 ParOldGen       total 87552K, used 8447K [0x0000000740000000, 0x0000000745580000, 0x0000000795580000)
  object space 87552K, 9% used [0x0000000740000000,0x000000074083ffb8,0x0000000745580000)
 Metaspace       used 20745K, capacity 21106K, committed 21296K, reserved 1069056K
  class space    used 2518K, capacity 2631K, committed 2688K, reserved 1048576K
}
Event: 1.524 GC heap before
{Heap before GC invocations=4 (full 1):
 PSYoungGen      total 71680K, used 4629K [0x0000000795580000, 0x000000079e180000, 0x00000007c0000000)
  eden space 66560K, 0% used [0x0000000795580000,0x0000000795580000,0x0000000799680000)
  from space 5120K, 90% used [0x0000000799680000,0x0000000799b05410,0x0000000799b80000)
  to   space 5120K, 0% used [0x000000079dc80000,0x000000079dc80000,0x000000079e180000)
 ParOldGen       total 87552K, used 8447K [0x0000000740000000, 0x0000000745580000, 0x0000000795580000)
  object space 87552K, 9% used [0x0000000740000000,0x000000074083ffb8,0x0000000745580000)
 Metaspace       used 20745K, capacity 21106K, committed 21296K, reserved 1069056K
  class space    used 2518K, capacity 2631K, committed 2688K, reserved 1048576K
Event: 1.561 GC heap after
Heap after GC invocations=4 (full 1):
 PSYoungGen      total 71680K, used 0K [0x0000000795580000, 0x000000079e180000, 0x00000007c0000000)
  eden space 66560K, 0% used [0x0000000795580000,0x0000000795580000,0x0000000799680000)
  from space 5120K, 0% used [0x0000000799680000,0x0000000799680000,0x0000000799b80000)
  to   space 5120K, 0% used [0x000000079dc80000,0x000000079dc80000,0x000000079e180000)
 ParOldGen       total 62464K, used 5926K [0x0000000740000000, 0x0000000743d00000, 0x0000000795580000)
  object space 62464K, 9% used [0x0000000740000000,0x00000007405c9a58,0x0000000743d00000)
 Metaspace       used 20745K, capacity 21106K, committed 21296K, reserved 1069056K
  class space    used 2518K, capacity 2631K, committed 2688K, reserved 1048576K
}

